<?xml version="1.0" encoding="UTF-8"?>
<coverage generated="1577621259331" clover="3.2.0">
  <project timestamp="1577621259332" name="All files">
    <metrics statements="16" coveredstatements="16" conditionals="9" coveredconditionals="9" methods="7" coveredmethods="7" elements="32" coveredelements="32" complexity="0" loc="16" ncloc="16" packages="1" files="3" classes="3"/>
    <file name="daemon.js" path="J:\CODE\GitHub\ajs-9_math\src\daemon.js">
      <metrics statements="0" coveredstatements="0" conditionals="0" coveredconditionals="0" methods="0" coveredmethods="0"/>
    </file>
    <file name="magician.js" path="J:\CODE\GitHub\ajs-9_math\src\magician.js">
      <metrics statements="0" coveredstatements="0" conditionals="0" coveredconditionals="0" methods="0" coveredmethods="0"/>
    </file>
    <file name="spellcaster.js" path="J:\CODE\GitHub\ajs-9_math\src\spellcaster.js">
      <metrics statements="16" coveredstatements="16" conditionals="9" coveredconditionals="9" methods="7" coveredmethods="7"/>
      <line num="5" count="8" type="stmt"/>
      <line num="6" count="8" type="stmt"/>
      <line num="7" count="8" type="stmt"/>
      <line num="11" count="1" type="stmt"/>
      <line num="15" count="4" type="stmt"/>
      <line num="16" count="4" type="cond" truecount="2" falsecount="0"/>
      <line num="17" count="2" type="stmt"/>
      <line num="19" count="4" type="stmt"/>
      <line num="23" count="6" type="cond" truecount="5" falsecount="0"/>
      <line num="24" count="4" type="stmt"/>
      <line num="26" count="2" type="stmt"/>
      <line num="31" count="6" type="stmt"/>
      <line num="35" count="4" type="cond" truecount="2" falsecount="0"/>
      <line num="36" count="2" type="stmt"/>
      <line num="38" count="2" type="stmt"/>
      <line num="43" count="4" type="stmt"/>
    </file>
  </project>
</coverage>
