TN:
SF:J:\CODE\GitHub\ajs-9_math\src\daemon.js
FNF:0
FNH:0
LF:0
LH:0
BRF:0
BRH:0
end_of_record
TN:
SF:J:\CODE\GitHub\ajs-9_math\src\magician.js
FNF:0
FNH:0
LF:0
LH:0
BRF:0
BRH:0
end_of_record
TN:
SF:J:\CODE\GitHub\ajs-9_math\src\spellcaster.js
FN:4,(anonymous_0)
FN:10,(anonymous_1)
FN:14,(anonymous_2)
FN:22,(anonymous_3)
FN:30,(anonymous_4)
FN:34,(anonymous_5)
FN:42,(anonymous_6)
FNF:7
FNH:7
FNDA:8,(anonymous_0)
FNDA:1,(anonymous_1)
FNDA:4,(anonymous_2)
FNDA:6,(anonymous_3)
FNDA:6,(anonymous_4)
FNDA:4,(anonymous_5)
FNDA:4,(anonymous_6)
DA:5,8
DA:6,8
DA:7,8
DA:11,1
DA:15,4
DA:16,4
DA:17,2
DA:19,4
DA:23,6
DA:24,4
DA:26,2
DA:31,6
DA:35,4
DA:36,2
DA:38,2
DA:43,4
LF:16
LH:16
BRDA:16,0,0,2
BRDA:16,0,1,2
BRDA:23,1,0,4
BRDA:23,1,1,2
BRDA:23,2,0,6
BRDA:23,2,1,6
BRDA:23,2,2,6
BRDA:35,3,0,2
BRDA:35,3,1,2
BRF:9
BRH:9
end_of_record
